WARNING 2026-05-30 23:49:43,558 django.request asyncio_0 131583428257472 /home/haradhan/workspace/sattabase/backend/venv/lib/python3.12/site-packages/django/utils/log.py 253 log_response 3183715 Not Found: /api/docs
WARNING 2026-05-30 23:49:43,953 django.request asyncio_0 131583428257472 /home/haradhan/workspace/sattabase/backend/venv/lib/python3.12/site-packages/django/utils/log.py 253 log_response 3183715 Not Found: /favicon.ico
WARNING 2026-05-30 23:58:09,140 django.request django-main-thread 131583537059520 /home/haradhan/workspace/sattabase/backend/venv/lib/python3.12/site-packages/ninja_extra/operation.py 136 _log_action 3183715 "POST - AuthController[login] /api/v1/auth/login" 401
WARNING 2026-05-30 23:58:09,145 django.request asyncio_0 131583428257472 /home/haradhan/workspace/sattabase/backend/venv/lib/python3.12/site-packages/django/utils/log.py 253 log_response 3183715 Unauthorized: /api/v1/auth/login
WARNING 2026-05-30 23:58:09,186 django.request asyncio_0 131583428257472 /home/haradhan/workspace/sattabase/backend/venv/lib/python3.12/site-packages/django/utils/log.py 253 log_response 3183715 Unauthorized: /api/v1/admin/credits
WARNING 2026-05-30 23:58:09,219 django.request asyncio_0 131583428257472 /home/haradhan/workspace/sattabase/backend/venv/lib/python3.12/site-packages/django/utils/log.py 253 log_response 3183715 Unauthorized: /api/v1/admin/credits
WARNING 2026-05-30 23:58:09,251 django.request asyncio_0 131583428257472 /home/haradhan/workspace/sattabase/backend/venv/lib/python3.12/site-packages/django/utils/log.py 253 log_response 3183715 Unauthorized: /api/v1/admin/credits
WARNING 2026-05-30 23:58:18,621 django.request django-main-thread 131583537059520 /home/haradhan/workspace/sattabase/backend/venv/lib/python3.12/site-packages/ninja_extra/operation.py 136 _log_action 3183715 "POST - AuthController[login] /api/v1/auth/login" 401
WARNING 2026-05-30 23:58:18,627 django.request asyncio_0 131583428257472 /home/haradhan/workspace/sattabase/backend/venv/lib/python3.12/site-packages/django/utils/log.py 253 log_response 3183715 Unauthorized: /api/v1/auth/login
WARNING 2026-05-31 00:05:18,388 django.request django-main-thread 131583537059520 /home/haradhan/workspace/sattabase/backend/venv/lib/python3.12/site-packages/ninja_extra/operation.py 136 _log_action 3183715 "GET - AdminCreditController[list_credit_pools] /api/v1/admin/credits" ()
ERROR 2026-05-31 00:05:18,399 django.request asyncio_0 131583428257472 /home/haradhan/workspace/sattabase/backend/venv/lib/python3.12/site-packages/django/utils/log.py 253 log_response 3183715 Internal Server Error: /api/v1/admin/credits
WARNING 2026-05-31 00:05:18,613 django.request django-main-thread 131583537059520 /home/haradhan/workspace/sattabase/backend/venv/lib/python3.12/site-packages/ninja_extra/operation.py 136 _log_action 3183715 "GET - AdminCreditController[list_credit_pools] /api/v1/admin/credits" ()
ERROR 2026-05-31 00:05:18,618 django.request asyncio_0 131583428257472 /home/haradhan/workspace/sattabase/backend/venv/lib/python3.12/site-packages/django/utils/log.py 253 log_response 3183715 Internal Server Error: /api/v1/admin/credits
WARNING 2026-05-31 00:05:19,054 django.request django-main-thread 131583537059520 /home/haradhan/workspace/sattabase/backend/venv/lib/python3.12/site-packages/ninja_extra/operation.py 136 _log_action 3183715 "GET - AdminCreditInvoiceController[list_credit_invoices] /api/v1/admin/credit-invoices" ()
ERROR 2026-05-31 00:05:19,070 django.request asyncio_0 131583428257472 /home/haradhan/workspace/sattabase/backend/venv/lib/python3.12/site-packages/django/utils/log.py 253 log_response 3183715 Internal Server Error: /api/v1/admin/credit-invoices
WARNING 2026-05-31 00:05:19,192 django.request django-main-thread 131583537059520 /home/haradhan/workspace/sattabase/backend/venv/lib/python3.12/site-packages/ninja_extra/operation.py 136 _log_action 3183715 "POST - AdminCreditController[adjust_credit_pool] /api/v1/admin/credits/1/adjust" ('You cannot call this from an async context - use a thread or sync_to_async.',)
ERROR 2026-05-31 00:05:19,205 django.request asyncio_0 131583428257472 /home/haradhan/workspace/sattabase/backend/venv/lib/python3.12/site-packages/django/utils/log.py 253 log_response 3183715 Internal Server Error: /api/v1/admin/credits/1/adjust
WARNING 2026-05-31 00:05:19,267 django.request django-main-thread 131583537059520 /home/haradhan/workspace/sattabase/backend/venv/lib/python3.12/site-packages/ninja_extra/operation.py 136 _log_action 3183715 "POST - AdminCreditController[refund_credit_pool] /api/v1/admin/credits/2/refund" ('You cannot call this from an async context - use a thread or sync_to_async.',)
ERROR 2026-05-31 00:05:19,276 django.request asyncio_0 131583428257472 /home/haradhan/workspace/sattabase/backend/venv/lib/python3.12/site-packages/django/utils/log.py 253 log_response 3183715 Internal Server Error: /api/v1/admin/credits/2/refund
WARNING 2026-05-31 00:05:19,381 django.request django-main-thread 131583537059520 /home/haradhan/workspace/sattabase/backend/venv/lib/python3.12/site-packages/ninja_extra/operation.py 136 _log_action 3183715 "GET - AdminCreditController[list_credit_pools] /api/v1/admin/credits" ()
ERROR 2026-05-31 00:05:19,385 django.request asyncio_0 131583428257472 /home/haradhan/workspace/sattabase/backend/venv/lib/python3.12/site-packages/django/utils/log.py 253 log_response 3183715 Internal Server Error: /api/v1/admin/credits
WARNING 2026-05-31 00:07:51,028 django.request django-main-thread 131583537059520 /home/haradhan/workspace/sattabase/backend/venv/lib/python3.12/site-packages/ninja_extra/operation.py 136 _log_action 3183715 "GET - AdminCreditController[list_credit_pools] /api/v1/admin/credits" ()
ERROR 2026-05-31 00:07:51,041 django.request asyncio_0 131583428257472 /home/haradhan/workspace/sattabase/backend/venv/lib/python3.12/site-packages/django/utils/log.py 253 log_response 3183715 Internal Server Error: /api/v1/admin/credits
WARNING 2026-05-31 00:07:51,264 django.request django-main-thread 131583537059520 /home/haradhan/workspace/sattabase/backend/venv/lib/python3.12/site-packages/ninja_extra/operation.py 136 _log_action 3183715 "GET - AdminCreditController[list_credit_pools] /api/v1/admin/credits" ()
ERROR 2026-05-31 00:07:51,278 django.request asyncio_0 131583428257472 /home/haradhan/workspace/sattabase/backend/venv/lib/python3.12/site-packages/django/utils/log.py 253 log_response 3183715 Internal Server Error: /api/v1/admin/credits
WARNING 2026-05-31 00:07:51,600 django.request django-main-thread 131583537059520 /home/haradhan/workspace/sattabase/backend/venv/lib/python3.12/site-packages/ninja_extra/operation.py 136 _log_action 3183715 "GET - AdminCreditInvoiceController[list_credit_invoices] /api/v1/admin/credit-invoices" ()
ERROR 2026-05-31 00:07:51,614 django.request asyncio_0 131583428257472 /home/haradhan/workspace/sattabase/backend/venv/lib/python3.12/site-packages/django/utils/log.py 253 log_response 3183715 Internal Server Error: /api/v1/admin/credit-invoices
WARNING 2026-05-31 00:07:51,713 django.request django-main-thread 131583537059520 /home/haradhan/workspace/sattabase/backend/venv/lib/python3.12/site-packages/ninja_extra/operation.py 136 _log_action 3183715 "POST - AdminCreditController[adjust_credit_pool] /api/v1/admin/credits/3/adjust" ('You cannot call this from an async context - use a thread or sync_to_async.',)
ERROR 2026-05-31 00:07:51,752 django.request asyncio_0 131583428257472 /home/haradhan/workspace/sattabase/backend/venv/lib/python3.12/site-packages/django/utils/log.py 253 log_response 3183715 Internal Server Error: /api/v1/admin/credits/3/adjust
WARNING 2026-05-31 00:07:51,838 django.request django-main-thread 131583537059520 /home/haradhan/workspace/sattabase/backend/venv/lib/python3.12/site-packages/ninja_extra/operation.py 136 _log_action 3183715 "POST - AdminCreditController[refund_credit_pool] /api/v1/admin/credits/4/refund" ('You cannot call this from an async context - use a thread or sync_to_async.',)
ERROR 2026-05-31 00:07:51,847 django.request asyncio_0 131583428257472 /home/haradhan/workspace/sattabase/backend/venv/lib/python3.12/site-packages/django/utils/log.py 253 log_response 3183715 Internal Server Error: /api/v1/admin/credits/4/refund
WARNING 2026-05-31 00:07:52,166 django.request django-main-thread 131583537059520 /home/haradhan/workspace/sattabase/backend/venv/lib/python3.12/site-packages/ninja_extra/operation.py 136 _log_action 3183715 "GET - AdminCreditController[list_credit_pools] /api/v1/admin/credits" ()
ERROR 2026-05-31 00:07:52,172 django.request asyncio_0 131583428257472 /home/haradhan/workspace/sattabase/backend/venv/lib/python3.12/site-packages/django/utils/log.py 253 log_response 3183715 Internal Server Error: /api/v1/admin/credits
WARNING 2026-05-31 00:28:28,574 django.request asyncio_0 128111848715968 /home/haradhan/workspace/sattabase/backend/venv/lib/python3.12/site-packages/django/utils/log.py 253 log_response 3212283 Unauthorized: /api/v1/admin/credits
WARNING 2026-05-31 00:28:41,790 django.request django-main-thread 128111886472896 /home/haradhan/workspace/sattabase/backend/venv/lib/python3.12/site-packages/ninja_extra/operation.py 136 _log_action 3212283 "POST - AdminCreditController[refund_credit_pool] /api/v1/admin/credits/6/refund" ('You cannot call this from an async context - use a thread or sync_to_async.',)
ERROR 2026-05-31 00:28:41,943 django.request asyncio_0 128111848715968 /home/haradhan/workspace/sattabase/backend/venv/lib/python3.12/site-packages/django/utils/log.py 253 log_response 3212283 Internal Server Error: /api/v1/admin/credits/6/refund
WARNING 2026-05-31 01:42:58,568 django.request django-main-thread 131631513605824 /home/haradhan/workspace/sattabase/backend/venv/lib/python3.12/site-packages/ninja_extra/operation.py 136 _log_action 3253462 "GET - BillingWebhookController[list_my_credit_pools] /api/v1/billing/credits" ("Field 'id' expected a number but got <SimpleLazyObject: <django.contrib.auth.models.AnonymousUser object at 0x77b7d34885c0>>.",)
ERROR 2026-05-31 01:42:58,618 django.request asyncio_0 131631405852352 /home/haradhan/workspace/sattabase/backend/venv/lib/python3.12/site-packages/django/utils/log.py 253 log_response 3253462 Internal Server Error: /api/v1/billing/credits
WARNING 2026-05-31 01:44:32,225 django.request django-main-thread 131631513605824 /home/haradhan/workspace/sattabase/backend/venv/lib/python3.12/site-packages/ninja_extra/operation.py 136 _log_action 3253462 "GET - BillingWebhookController[list_my_credit_pools] /api/v1/billing/credits" ("Field 'id' expected a number but got <SimpleLazyObject: <django.contrib.auth.models.AnonymousUser object at 0x77b7d348aae0>>.",)
ERROR 2026-05-31 01:44:32,242 django.request asyncio_0 131631405852352 /home/haradhan/workspace/sattabase/backend/venv/lib/python3.12/site-packages/django/utils/log.py 253 log_response 3253462 Internal Server Error: /api/v1/billing/credits
WARNING 2026-05-31 01:44:32,284 django.request django-main-thread 131631513605824 /home/haradhan/workspace/sattabase/backend/venv/lib/python3.12/site-packages/ninja_extra/operation.py 136 _log_action 3253462 "GET - BillingWebhookController[list_my_credit_invoices] /api/v1/billing/credits/invoices" ("Field 'id' expected a number but got <SimpleLazyObject: <django.contrib.auth.models.AnonymousUser object at 0x77b7d3d2b2f0>>.",)
ERROR 2026-05-31 01:44:32,304 django.request asyncio_0 131631405852352 /home/haradhan/workspace/sattabase/backend/venv/lib/python3.12/site-packages/django/utils/log.py 253 log_response 3253462 Internal Server Error: /api/v1/billing/credits/invoices
WARNING 2026-05-31 01:45:51,166 django.request django-main-thread 131631513605824 /home/haradhan/workspace/sattabase/backend/venv/lib/python3.12/site-packages/ninja_extra/operation.py 136 _log_action 3253462 "GET - BillingWebhookController[list_my_credit_pools] /api/v1/billing/credits" ("Field 'id' expected a number but got <SimpleLazyObject: <django.contrib.auth.models.AnonymousUser object at 0x77b7d348a420>>.",)
ERROR 2026-05-31 01:45:51,174 django.request asyncio_0 131631405852352 /home/haradhan/workspace/sattabase/backend/venv/lib/python3.12/site-packages/django/utils/log.py 253 log_response 3253462 Internal Server Error: /api/v1/billing/credits
WARNING 2026-05-31 03:06:23,537 django.request asyncio_0 130545311803072 /home/haradhan/workspace/sattabase/backend/venv/lib/python3.12/site-packages/django/utils/log.py 253 log_response 3290340 Unauthorized: /api/v1/billing/credits
WARNING 2026-05-31 04:05:24,951 django.request django-main-thread 135159481112256 /home/haradhan/workspace/sattabase/backend/venv/lib/python3.12/site-packages/ninja_extra/operation.py 136 _log_action 3332843 "POST - BillingProtectedController[request_credit_purchase] /api/v1/billing/credits/request" ('`QueryParams` is not fully defined; you should define `CreditRequestInputSchema`, then call `QueryParams.model_rebuild()`.',)
ERROR 2026-05-31 04:05:24,987 django.request asyncio_0 135159374407360 /home/haradhan/workspace/sattabase/backend/venv/lib/python3.12/site-packages/django/utils/log.py 253 log_response 3332843 Internal Server Error: /api/v1/billing/credits/request
WARNING 2026-05-31 04:18:22,972 django.request django-main-thread 124047027508928 /home/haradhan/workspace/sattabase/backend/venv/lib/python3.12/site-packages/ninja_extra/operation.py 136 _log_action 3340825 "POST - BillingProtectedController[request_credit_purchase] /api/v1/billing/credits/request" ("name 'Product' is not defined",)
ERROR 2026-05-31 04:18:23,008 django.request asyncio_0 124046987654848 /home/haradhan/workspace/sattabase/backend/venv/lib/python3.12/site-packages/django/utils/log.py 253 log_response 3340825 Internal Server Error: /api/v1/billing/credits/request
WARNING 2026-05-31 04:21:24,860 django.request asyncio_0 124046987654848 /home/haradhan/workspace/sattabase/backend/venv/lib/python3.12/site-packages/django/utils/log.py 253 log_response 3340825 Not Found: /favicon.ico
WARNING 2026-05-31 04:23:41,950 django.request django-main-thread 124047027508928 /home/haradhan/workspace/sattabase/backend/venv/lib/python3.12/site-packages/ninja_extra/operation.py 136 _log_action 3340825 "POST - BillingProtectedController[request_credit_purchase] /api/v1/billing/credits/request" ("name 'Product' is not defined",)
ERROR 2026-05-31 04:23:41,964 django.request asyncio_0 124046987654848 /home/haradhan/workspace/sattabase/backend/venv/lib/python3.12/site-packages/django/utils/log.py 253 log_response 3340825 Internal Server Error: /api/v1/billing/credits/request
WARNING 2026-05-31 04:30:23,067 django.request django-main-thread 137379525170880 /home/haradhan/workspace/sattabase/backend/venv/lib/python3.12/site-packages/ninja_extra/operation.py 136 _log_action 3348378 "POST - BillingProtectedController[request_credit_purchase] /api/v1/billing/credits/request" ("name 'Plan' is not defined",)
ERROR 2026-05-31 04:30:23,079 django.request asyncio_0 137379417417408 /home/haradhan/workspace/sattabase/backend/venv/lib/python3.12/site-packages/django/utils/log.py 253 log_response 3348378 Internal Server Error: /api/v1/billing/credits/request
WARNING 2026-05-31 04:37:06,596 django.request asyncio_0 136207600973504 /home/haradhan/workspace/sattabase/backend/venv/lib/python3.12/site-packages/django/utils/log.py 253 log_response 3351110 Method Not Allowed: /api/v1/admin/credit-requests/2/approve
WARNING 2026-05-31 04:37:06,763 django.request asyncio_0 136207600973504 /home/haradhan/workspace/sattabase/backend/venv/lib/python3.12/site-packages/django/utils/log.py 253 log_response 3351110 Method Not Allowed: /api/v1/admin/credit-requests/3/reject
WARNING 2026-05-31 04:52:51,008 django.request asyncio_0 136207600973504 /home/haradhan/workspace/sattabase/backend/venv/lib/python3.12/site-packages/django/utils/log.py 253 log_response 3351110 Method Not Allowed: /api/v1/admin/credit-requests/4/approve
WARNING 2026-05-31 04:52:51,230 django.request asyncio_0 136207600973504 /home/haradhan/workspace/sattabase/backend/venv/lib/python3.12/site-packages/django/utils/log.py 253 log_response 3351110 Method Not Allowed: /api/v1/admin/credit-requests/5/reject
WARNING 2026-05-31 04:55:33,942 django.request asyncio_0 136207600973504 /home/haradhan/workspace/sattabase/backend/venv/lib/python3.12/site-packages/django/utils/log.py 253 log_response 3351110 Unauthorized: /api/v1/billing/credits/request
WARNING 2026-05-31 04:55:33,969 django.request asyncio_0 136207600973504 /home/haradhan/workspace/sattabase/backend/venv/lib/python3.12/site-packages/django/utils/log.py 253 log_response 3351110 Unauthorized: /api/v1/billing/credits
WARNING 2026-05-31 04:55:34,001 django.request asyncio_0 136207600973504 /home/haradhan/workspace/sattabase/backend/venv/lib/python3.12/site-packages/django/utils/log.py 253 log_response 3351110 Unauthorized: /api/v1/billing/credits/invoices
WARNING 2026-05-31 04:55:34,057 django.request asyncio_0 136207600973504 /home/haradhan/workspace/sattabase/backend/venv/lib/python3.12/site-packages/django/utils/log.py 253 log_response 3351110 Unauthorized: /api/v1/admin/credit-requests
WARNING 2026-05-31 07:00:54,938 django.request asyncio_0 134493583169216 /home/haradhan/workspace/sattabase/venv/lib/python3.12/site-packages/django/utils/log.py 253 log_response 3434072 Unauthorized: /api/v1/users/me
WARNING 2026-05-31 07:01:14,056 django.request asyncio_0 134493583169216 /home/haradhan/workspace/sattabase/venv/lib/python3.12/site-packages/django/utils/log.py 253 log_response 3434072 Unauthorized: /api/v1/users/me
WARNING 2026-05-31 07:01:14,069 django.request asyncio_0 134493583169216 /home/haradhan/workspace/sattabase/venv/lib/python3.12/site-packages/django/utils/log.py 253 log_response 3434072 Unauthorized: /api/v1/users/me
WARNING 2026-05-31 07:01:14,071 django.request asyncio_1 134493591561920 /home/haradhan/workspace/sattabase/venv/lib/python3.12/site-packages/django/utils/log.py 253 log_response 3434072 Unauthorized: /api/v1/users/me
WARNING 2026-05-31 07:01:24,109 django.request asyncio_0 134493583169216 /home/haradhan/workspace/sattabase/venv/lib/python3.12/site-packages/django/utils/log.py 253 log_response 3434072 Unauthorized: /api/v1/users/me
WARNING 2026-05-31 07:01:24,122 django.request asyncio_1 134493591561920 /home/haradhan/workspace/sattabase/venv/lib/python3.12/site-packages/django/utils/log.py 253 log_response 3434072 Unauthorized: /api/v1/users/me
WARNING 2026-05-31 07:01:24,125 django.request asyncio_1 134493591561920 /home/haradhan/workspace/sattabase/venv/lib/python3.12/site-packages/django/utils/log.py 253 log_response 3434072 Unauthorized: /api/v1/users/me
WARNING 2026-05-31 07:02:32,754 django.request asyncio_1 134493591561920 /home/haradhan/workspace/sattabase/venv/lib/python3.12/site-packages/django/utils/log.py 253 log_response 3434072 Unauthorized: /api/v1/users/me
WARNING 2026-05-31 07:02:32,759 django.request asyncio_0 134493583169216 /home/haradhan/workspace/sattabase/venv/lib/python3.12/site-packages/django/utils/log.py 253 log_response 3434072 Unauthorized: /api/v1/users/me
WARNING 2026-05-31 07:02:32,760 django.request asyncio_0 134493583169216 /home/haradhan/workspace/sattabase/venv/lib/python3.12/site-packages/django/utils/log.py 253 log_response 3434072 Unauthorized: /api/v1/users/me
WARNING 2026-05-31 07:02:41,945 django.request asyncio_1 134493591561920 /home/haradhan/workspace/sattabase/venv/lib/python3.12/site-packages/django/utils/log.py 253 log_response 3434072 Unauthorized: /api/v1/users/me
WARNING 2026-05-31 07:02:41,949 django.request asyncio_1 134493591561920 /home/haradhan/workspace/sattabase/venv/lib/python3.12/site-packages/django/utils/log.py 253 log_response 3434072 Unauthorized: /api/v1/users/me
WARNING 2026-05-31 07:02:41,959 django.request asyncio_0 134493583169216 /home/haradhan/workspace/sattabase/venv/lib/python3.12/site-packages/django/utils/log.py 253 log_response 3434072 Unauthorized: /api/v1/users/me
WARNING 2026-05-31 07:02:46,724 django.request asyncio_0 134493583169216 /home/haradhan/workspace/sattabase/venv/lib/python3.12/site-packages/django/utils/log.py 253 log_response 3434072 Unauthorized: /api/v1/users/me
WARNING 2026-05-31 07:02:46,847 django.request asyncio_1 134493591561920 /home/haradhan/workspace/sattabase/venv/lib/python3.12/site-packages/django/utils/log.py 253 log_response 3434072 Unauthorized: /api/v1/users/me
WARNING 2026-05-31 07:02:46,853 django.request asyncio_0 134493583169216 /home/haradhan/workspace/sattabase/venv/lib/python3.12/site-packages/django/utils/log.py 253 log_response 3434072 Unauthorized: /api/v1/users/me
WARNING 2026-05-31 07:02:52,149 django.request asyncio_2 134493565335232 /home/haradhan/workspace/sattabase/venv/lib/python3.12/site-packages/django/utils/log.py 253 log_response 3434072 Unauthorized: /api/v1/users/me
WARNING 2026-05-31 07:02:52,150 django.request asyncio_0 134493583169216 /home/haradhan/workspace/sattabase/venv/lib/python3.12/site-packages/django/utils/log.py 253 log_response 3434072 Unauthorized: /api/v1/users/me
WARNING 2026-05-31 07:02:52,166 django.request asyncio_1 134493591561920 /home/haradhan/workspace/sattabase/venv/lib/python3.12/site-packages/django/utils/log.py 253 log_response 3434072 Unauthorized: /api/v1/users/me
WARNING 2026-05-31 12:55:59,954 django.request asyncio_0 139043778057920 /home/haradhan/workspace/sattabase/backend/venv/lib/python3.12/site-packages/django/utils/log.py 253 log_response 3623923 Unauthorized: /api/v1/users/me
WARNING 2026-05-31 12:55:59,955 django.request asyncio_2 139043761272512 /home/haradhan/workspace/sattabase/backend/venv/lib/python3.12/site-packages/django/utils/log.py 253 log_response 3623923 Unauthorized: /api/v1/users/me
WARNING 2026-05-31 12:55:59,956 django.request asyncio_1 139043769665216 /home/haradhan/workspace/sattabase/backend/venv/lib/python3.12/site-packages/django/utils/log.py 253 log_response 3623923 Unauthorized: /api/v1/users/me
WARNING 2026-05-31 12:56:09,918 django.request asyncio_0 139043778057920 /home/haradhan/workspace/sattabase/backend/venv/lib/python3.12/site-packages/django/utils/log.py 253 log_response 3623923 Unauthorized: /api/v1/users/me
WARNING 2026-05-31 12:56:09,920 django.request asyncio_0 139043778057920 /home/haradhan/workspace/sattabase/backend/venv/lib/python3.12/site-packages/django/utils/log.py 253 log_response 3623923 Unauthorized: /api/v1/users/me
WARNING 2026-05-31 12:56:09,920 django.request asyncio_0 139043778057920 /home/haradhan/workspace/sattabase/backend/venv/lib/python3.12/site-packages/django/utils/log.py 253 log_response 3623923 Unauthorized: /api/v1/users/me
WARNING 2026-05-31 12:56:14,773 django.request asyncio_2 139043761272512 /home/haradhan/workspace/sattabase/backend/venv/lib/python3.12/site-packages/django/utils/log.py 253 log_response 3623923 Unauthorized: /api/v1/users/me
WARNING 2026-05-31 12:56:14,791 django.request asyncio_1 139043769665216 /home/haradhan/workspace/sattabase/backend/venv/lib/python3.12/site-packages/django/utils/log.py 253 log_response 3623923 Unauthorized: /api/v1/users/me
WARNING 2026-05-31 12:56:14,809 django.request asyncio_0 139043778057920 /home/haradhan/workspace/sattabase/backend/venv/lib/python3.12/site-packages/django/utils/log.py 253 log_response 3623923 Unauthorized: /api/v1/users/me
